<?xml version="1.0" encoding="UTF-8"?>
<testsuite xmlns:xsi="http://www.w3.org/2001/XMLSchema-instance" xsi:noNamespaceSchemaLocation="https://maven.apache.org/surefire/maven-surefire-plugin/xsd/surefire-test-report.xsd" name="com.zn.znoj.judge.sandbox.SandBoxTest" time="8.606" tests="2" errors="0" skipped="0" failures="0">
  <properties>
[...]
</properties>
  <testcase name="executeCodeByProxy" classname="com.zn.znoj.judge.sandbox.SandBoxTest" time="0.542"/>
  <testcase name="executeCodeByValue" classname="com.zn.znoj.judge.sandbox.SandBoxTest" time="0.003"/>
</testsuite>